<?xml version="1.0" encoding="UTF-8"?>
<testsuite xmlns:xsi="http://www.w3.org/2001/XMLSchema-instance" xsi:noNamespaceSchemaLocation="https://maven.apache.org/surefire/maven-surefire-plugin/xsd/surefire-test-report.xsd" version="3.0.2" name="com.example.FirstStub.FirstStubApplicationTests" time="6.265" tests="1" errors="0" skipped="0" failures="0">
  <properties>
[...]
</properties>
  <testcase name="contextLoads" classname="com.example.FirstStub.FirstStubApplicationTests" time="1.143">
    <system-out><![CDATA[12:08:22.326 [main] INFO org.springframework.test.context.support.AnnotationConfigContextLoaderUtils -- Could not detect default configuration classes for test class [com.example.FirstStub.FirstStubApplicationTests]: FirstStubApplicationTests does not declare any static, non-private, non-final, nested classes annotated with @Configuration.
12:08:22.500 [main] INFO org.springframework.boot.test.context.SpringBootTestContextBootstrapper -- Found @SpringBootConfiguration com.example.FirstStub.FirstStubApplication for test class com.example.FirstStub.FirstStubApplicationTests

  .   ____          _            __ _ _
 /\\ / ___'_ __ _ _(_)_ __  __ _ \ \ \ \
( ( )\___ | '_ | '_| | '_ \/ _` | \ \ \ \
 \\/  ___)| |_)| | | | | || (_| |  ) ) ) )
  '  |____| .__|_| |_|_| |_\__, | / / / /
 =========|_|==============|___/=/_/_/_/

 :: Spring Boot ::                (v4.0.2)

2026-08-25T12:08:23.204+03:00  INFO 12204 --- [first-stub] [           main] c.e.FirstStub.FirstStubApplicationTests  : Starting FirstStubApplicationTests using Java 23.0.1 with PID 12204 (started by User in C:\Users\User\IdeaProjects\FirstStubPractice)
2026-08-25T12:08:23.206+03:00 DEBUG 12204 --- [first-stub] [           main] c.e.FirstStub.FirstStubApplicationTests  : Running with Spring Boot v4.0.2, Spring v7.0.3
2026-08-25T12:08:23.207+03:00  INFO 12204 --- [first-stub] [           main] c.e.FirstStub.FirstStubApplicationTests  : No active profile set, falling back to 1 default profile: "default"
2026-08-25T12:08:26.220+03:00  INFO 12204 --- [first-stub] [           main] com.zaxxer.hikari.HikariDataSource       : HikariPool-1 - Starting...
2026-08-25T12:08:26.596+03:00  INFO 12204 --- [first-stub] [           main] com.zaxxer.hikari.pool.HikariPool        : HikariPool-1 - Added connection conn0: url=jdbc:h2:file:./data/stubdb user=SA
2026-08-25T12:08:26.599+03:00  INFO 12204 --- [first-stub] [           main] com.zaxxer.hikari.HikariDataSource       : HikariPool-1 - Start completed.
2026-08-25T12:08:26.616+03:00  INFO 12204 --- [first-stub] [           main] o.s.b.h.a.H2ConsoleAutoConfiguration     : H2 console available at '/h2-console'. Database available at 'jdbc:h2:file:./data/stubdb'
2026-08-25T12:08:26.866+03:00  INFO 12204 --- [first-stub] [           main] o.s.b.a.e.web.EndpointLinksResolver      : Exposing 3 endpoints beneath base path '/actuator'
2026-08-25T12:08:26.992+03:00  INFO 12204 --- [first-stub] [           main] c.e.FirstStub.FirstStubApplicationTests  : Started FirstStubApplicationTests in 4.287 seconds (process running for 6.013)
2026-08-25T12:08:27.098+03:00  WARN 12204 --- [first-stub] [           main] o.s.core.events.SpringDocAppInitializer  : SpringDoc /v3/api-docs endpoint is enabled by default. To disable it in production, set the property 'springdoc.api-docs.enabled=false'
2026-08-25T12:08:27.098+03:00  WARN 12204 --- [first-stub] [           main] o.s.core.events.SpringDocAppInitializer  : SpringDoc /swagger-ui.html endpoint is enabled by default. To disable it in production, set the property 'springdoc.swagger-ui.enabled=false'
]]></system-out>
    <system-err><![CDATA[Mockito is currently self-attaching to enable the inline-mock-maker. This will no longer work in future releases of the JDK. Please add Mockito as an agent to your build as described in Mockito's documentation: https://javadoc.io/doc/org.mockito/mockito-core/latest/org.mockito/org/mockito/Mockito.html#0.3
WARNING: A Java agent has been loaded dynamically (C:\Users\User\.m2\repository\net\bytebuddy\byte-buddy-agent\1.17.8\byte-buddy-agent-1.17.8.jar)
WARNING: If a serviceability tool is in use, please run with -XX:+EnableDynamicAgentLoading to hide this warning
WARNING: If a serviceability tool is not in use, please run with -Djdk.instrument.traceUsage for more information
WARNING: Dynamic loading of agents will be disallowed by default in a future release
]]></system-err>
  </testcase>
</testsuite>